<?xml version="1.0" encoding="UTF-8"?>
<!-- Generated by org.testng.reporters.JUnitReportReporter -->
<testsuite hostname="Renuka" failures="0" tests="2" name="ply_tc_fb_class.testcase" time="16.014" errors="0" timestamp="2023-07-29T14:38:26 IST" skipped="0">
  <testcase classname="ply_tc_fb_class.testcase" name="empty_credentials" time="4.379"/>
  <testcase classname="ply_tc_fb_class.testcase" name="valid_credentials" time="11.635"/>
</testsuite> <!-- ply_tc_fb_class.testcase -->
