<?xml version="1.0" encoding="UTF-8"?>
<!-- Generated by org.testng.reporters.JUnitReportReporter -->
<testsuite hostname="Renuka" failures="0" tests="1" name="ply_tc_fb_class.testcase" time="12.377" errors="0" timestamp="2023-07-28T15:58:09 IST" skipped="0">
  <testcase classname="ply_tc_fb_class.testcase" name="valid_credentials" time="12.377"/>
</testsuite> <!-- ply_tc_fb_class.testcase -->
