<?xml version="1.0" encoding="UTF-8"?>
<!-- Generated by org.testng.reporters.JUnitReportReporter -->
<testsuite hostname="Renuka" failures="0" tests="3" name="Tests.ProfileTests" time="0.022" errors="0" timestamp="2023-08-01T13:51:46 IST" skipped="0">
  <testcase classname="Tests.ProfileTests" name="ProfileTest_M3" time="0.003"/>
  <testcase classname="Tests.ProfileTests" name="ProfileTest_M1" time="0.005"/>
  <testcase classname="Tests.ProfileTests" name="ProfileTest_M2" time="0.014"/>
</testsuite> <!-- Tests.ProfileTests -->
